<?xml version="1.0" encoding="UTF-8"?>
<testsuite xmlns:xsi="http://www.w3.org/2001/XMLSchema-instance" xsi:noNamespaceSchemaLocation="https://maven.apache.org/surefire/maven-surefire-plugin/xsd/surefire-test-report.xsd" version="3.0.2" name="org.acme.greeting.extension.deployment.GreetingExtensionTest" time="7.334" tests="1" errors="0" skipped="0" failures="0">
  <properties>
    <property name="java.specification.version" value="21"/>
    <property name="sun.jnu.encoding" value="UTF-8"/>
    <property name="io.quarkus.security.http.test-if-basic-auth-implicitly-required" value="true"/>
    <property name="java.class.path" value="/home/ali/Ali/backend/Java/greeting-extension/deployment/target/test-classes:/home/ali/Ali/backend/Java/greeting-extension/deployment/target/classes:/home/ali/Ali/backend/Java/greeting-extension/runtime/target/greeting-extension-1.0.0-SNAPSHOT.jar:/home/ali/.m2/repository/io/quarkus/quarkus-undertow/3.17.5/quarkus-undertow-3.17.5.jar:/home/ali/.m2/repository/io/quarkus/quarkus-arc/3.17.5/quarkus-arc-3.17.5.jar:/home/ali/.m2/repository/io/quarkus/arc/arc/3.17.5/arc-3.17.5.jar:/home/ali/.m2/repository/jakarta/transaction/jakarta.transaction-api/2.0.1/jakarta.transaction-api-2.0.1.jar:/home/ali/.m2/repository/io/quarkus/quarkus-vertx-http/3.17.5/quarkus-vertx-http-3.17.5.jar:/home/ali/.m2/repository/io/quarkus/quarkus-security-runtime-spi/3.17.5/quarkus-security-runtime-spi-3.17.5.jar:/home/ali/.m2/repository/io/quarkus/quarkus-tls-registry/3.17.5/quarkus-tls-registry-3.17.5.jar:/home/ali/.m2/repository/io/quarkus/quarkus-credentials/3.17.5/quarkus-credentials-3.17.5.jar:/home/ali/.m2/repository/io/quarkus/quarkus-mutiny/3.17.5/quarkus-mutiny-3.17.5.jar:/home/ali/.m2/repository/io/quarkus/quarkus-smallrye-context-propagation/3.17.5/quarkus-smallrye-context-propagation-3.17.5.jar:/home/ali/.m2/repository/io/smallrye/smallrye-context-propagation/2.1.2/smallrye-context-propagation-2.1.2.jar:/home/ali/.m2/repository/io/smallrye/smallrye-context-propagation-api/2.1.2/smallrye-context-propagation-api-2.1.2.jar:/home/ali/.m2/repository/io/smallrye/smallrye-context-propagation-storage/2.1.2/smallrye-context-propagation-storage-2.1.2.jar:/home/ali/.m2/repository/io/smallrye/reactive/mutiny-smallrye-context-propagation/2.6.2/mutiny-smallrye-context-propagation-2.6.2.jar:/home/ali/.m2/repository/io/smallrye/common/smallrye-common-vertx-context/2.9.0/smallrye-common-vertx-context-2.9.0.jar:/home/ali/.m2/repository/io/quarkus/quarkus-vertx/3.17.5/quarkus-vertx-3.17.5.jar:/home/ali/.m2/repository/io/quarkus/quarkus-netty/3.17.5/quarkus-netty-3.17.5.jar:/home/ali/.m2/repository/io/netty/netty-codec-haproxy/4.1.115.Final/netty-codec-haproxy-4.1.115.Final.jar:/home/ali/.m2/repository/io/quarkus/quarkus-virtual-threads/3.17.5/quarkus-virtual-threads-3.17.5.jar:/home/ali/.m2/repository/io/quarkus/quarkus-vertx-latebound-mdc-provider/3.17.5/quarkus-vertx-latebound-mdc-provider-3.17.5.jar:/home/ali/.m2/repository/io/smallrye/reactive/smallrye-mutiny-vertx-core/3.16.0/smallrye-mutiny-vertx-core-3.16.0.jar:/home/ali/.m2/repository/io/smallrye/reactive/smallrye-mutiny-vertx-runtime/3.16.0/smallrye-mutiny-vertx-runtime-3.16.0.jar:/home/ali/.m2/repository/io/smallrye/reactive/vertx-mutiny-generator/3.16.0/vertx-mutiny-generator-3.16.0.jar:/home/ali/.m2/repository/io/vertx/vertx-codegen/4.5.11/vertx-codegen-4.5.11.jar:/home/ali/.m2/repository/io/smallrye/smallrye-fault-tolerance-vertx/6.6.3/smallrye-fault-tolerance-vertx-6.6.3.jar:/home/ali/.m2/repository/io/smallrye/reactive/smallrye-mutiny-vertx-web/3.16.0/smallrye-mutiny-vertx-web-3.16.0.jar:/home/ali/.m2/repository/io/smallrye/reactive/smallrye-mutiny-vertx-web-common/3.16.0/smallrye-mutiny-vertx-web-common-3.16.0.jar:/home/ali/.m2/repository/io/smallrye/reactive/smallrye-mutiny-vertx-auth-common/3.16.0/smallrye-mutiny-vertx-auth-common-3.16.0.jar:/home/ali/.m2/repository/io/smallrye/reactive/smallrye-mutiny-vertx-bridge-common/3.16.0/smallrye-mutiny-vertx-bridge-common-3.16.0.jar:/home/ali/.m2/repository/io/smallrye/reactive/smallrye-mutiny-vertx-uri-template/3.16.0/smallrye-mutiny-vertx-uri-template-3.16.0.jar:/home/ali/.m2/repository/io/vertx/vertx-uri-template/4.5.11/vertx-uri-template-4.5.11.jar:/home/ali/.m2/repository/io/vertx/vertx-web/4.5.11/vertx-web-4.5.11.jar:/home/ali/.m2/repository/io/vertx/vertx-web-common/4.5.11/vertx-web-common-4.5.11.jar:/home/ali/.m2/repository/io/vertx/vertx-auth-common/4.5.11/vertx-auth-common-4.5.11.jar:/home/ali/.m2/repository/io/vertx/vertx-bridge-common/4.5.11/vertx-bridge-common-4.5.11.jar:/home/ali/.m2/repository/io/github/crac/org-crac/0.1.3/org-crac-0.1.3.jar:/home/ali/.m2/repository/com/aayushatharva/brotli4j/brotli4j/1.16.0/brotli4j-1.16.0.jar:/home/ali/.m2/repository/com/aayushatharva/brotli4j/service/1.16.0/service-1.16.0.jar:/home/ali/.m2/repository/com/aayushatharva/brotli4j/native-linux-x86_64/1.16.0/native-linux-x86_64-1.16.0.jar:/home/ali/.m2/repository/io/quarkus/security/quarkus-security/2.2.0/quarkus-security-2.2.0.jar:/home/ali/.m2/repository/io/smallrye/reactive/mutiny/2.6.2/mutiny-2.6.2.jar:/home/ali/.m2/repository/org/jctools/jctools-core/4.0.5/jctools-core-4.0.5.jar:/home/ali/.m2/repository/jakarta/annotation/jakarta.annotation-api/3.0.0/jakarta.annotation-api-3.0.0.jar:/home/ali/.m2/repository/io/quarkus/http/quarkus-http-vertx-backend/5.3.4/quarkus-http-vertx-backend-5.3.4.jar:/home/ali/.m2/repository/io/vertx/vertx-core/4.5.11/vertx-core-4.5.11.jar:/home/ali/.m2/repository/io/netty/netty-common/4.1.115.Final/netty-common-4.1.115.Final.jar:/home/ali/.m2/repository/io/netty/netty-buffer/4.1.115.Final/netty-buffer-4.1.115.Final.jar:/home/ali/.m2/repository/io/netty/netty-transport/4.1.115.Final/netty-transport-4.1.115.Final.jar:/home/ali/.m2/repository/io/netty/netty-handler/4.1.115.Final/netty-handler-4.1.115.Final.jar:/home/ali/.m2/repository/io/netty/netty-transport-native-unix-common/4.1.115.Final/netty-transport-native-unix-common-4.1.115.Final.jar:/home/ali/.m2/repository/io/netty/netty-handler-proxy/4.1.115.Final/netty-handler-proxy-4.1.115.Final.jar:/home/ali/.m2/repository/io/netty/netty-codec-socks/4.1.115.Final/netty-codec-socks-4.1.115.Final.jar:/home/ali/.m2/repository/io/netty/netty-codec-http2/4.1.115.Final/netty-codec-http2-4.1.115.Final.jar:/home/ali/.m2/repository/io/netty/netty-resolver/4.1.115.Final/netty-resolver-4.1.115.Final.jar:/home/ali/.m2/repository/io/netty/netty-resolver-dns/4.1.115.Final/netty-resolver-dns-4.1.115.Final.jar:/home/ali/.m2/repository/io/netty/netty-codec-dns/4.1.115.Final/netty-codec-dns-4.1.115.Final.jar:/home/ali/.m2/repository/io/quarkus/http/quarkus-http-http-core/5.3.4/quarkus-http-http-core-5.3.4.jar:/home/ali/.m2/repository/io/quarkus/http/quarkus-http-core/5.3.4/quarkus-http-core-5.3.4.jar:/home/ali/.m2/repository/io/netty/netty-codec-http/4.1.115.Final/netty-codec-http-4.1.115.Final.jar:/home/ali/.m2/repository/io/netty/netty-codec/4.1.115.Final/netty-codec-4.1.115.Final.jar:/home/ali/.m2/repository/org/eclipse/microprofile/context-propagation/microprofile-context-propagation-api/1.3/microprofile-context-propagation-api-1.3.jar:/home/ali/.m2/repository/io/quarkus/quarkus-junit5-internal/3.17.5/quarkus-junit5-internal-3.17.5.jar:/home/ali/.m2/repository/org/jboss/shrinkwrap/shrinkwrap-api/1.2.6/shrinkwrap-api-1.2.6.jar:/home/ali/.m2/repository/org/jboss/shrinkwrap/shrinkwrap-spi/1.2.6/shrinkwrap-spi-1.2.6.jar:/home/ali/.m2/repository/org/jboss/shrinkwrap/shrinkwrap-impl-base/1.2.6/shrinkwrap-impl-base-1.2.6.jar:/home/ali/.m2/repository/org/junit/jupiter/junit-jupiter-api/5.10.5/junit-jupiter-api-5.10.5.jar:/home/ali/.m2/repository/org/opentest4j/opentest4j/1.3.0/opentest4j-1.3.0.jar:/home/ali/.m2/repository/org/junit/platform/junit-platform-commons/1.10.5/junit-platform-commons-1.10.5.jar:/home/ali/.m2/repository/org/apiguardian/apiguardian-api/1.1.2/apiguardian-api-1.1.2.jar:/home/ali/.m2/repository/org/junit/jupiter/junit-jupiter-params/5.10.5/junit-jupiter-params-5.10.5.jar:/home/ali/.m2/repository/org/junit/jupiter/junit-jupiter-engine/5.10.5/junit-jupiter-engine-5.10.5.jar:/home/ali/.m2/repository/org/junit/platform/junit-platform-engine/1.10.5/junit-platform-engine-1.10.5.jar:/home/ali/.m2/repository/io/quarkus/quarkus-core/3.17.5/quarkus-core-3.17.5.jar:/home/ali/.m2/repository/jakarta/inject/jakarta.inject-api/2.0.1/jakarta.inject-api-2.0.1.jar:/home/ali/.m2/repository/io/smallrye/common/smallrye-common-os/2.9.0/smallrye-common-os-2.9.0.jar:/home/ali/.m2/repository/io/quarkus/quarkus-ide-launcher/3.17.5/quarkus-ide-launcher-3.17.5.jar:/home/ali/.m2/repository/io/quarkus/quarkus-development-mode-spi/3.17.5/quarkus-development-mode-spi-3.17.5.jar:/home/ali/.m2/repository/io/smallrye/config/smallrye-config/3.10.2/smallrye-config-3.10.2.jar:/home/ali/.m2/repository/io/smallrye/config/smallrye-config-core/3.10.2/smallrye-config-core-3.10.2.jar:/home/ali/.m2/repository/org/eclipse/microprofile/config/microprofile-config-api/3.1/microprofile-config-api-3.1.jar:/home/ali/.m2/repository/io/smallrye/common/smallrye-common-classloader/2.9.0/smallrye-common-classloader-2.9.0.jar:/home/ali/.m2/repository/io/smallrye/config/smallrye-config-common/3.10.2/smallrye-config-common-3.10.2.jar:/home/ali/.m2/repository/org/jboss/logging/jboss-logging/3.6.1.Final/jboss-logging-3.6.1.Final.jar:/home/ali/.m2/repository/org/jboss/logmanager/jboss-logmanager/3.1.1.Final/jboss-logmanager-3.1.1.Final.jar:/home/ali/.m2/repository/io/smallrye/common/smallrye-common-constraint/2.9.0/smallrye-common-constraint-2.9.0.jar:/home/ali/.m2/repository/io/smallrye/common/smallrye-common-cpu/2.9.0/smallrye-common-cpu-2.9.0.jar:/home/ali/.m2/repository/io/smallrye/common/smallrye-common-expression/2.9.0/smallrye-common-expression-2.9.0.jar:/home/ali/.m2/repository/io/smallrye/common/smallrye-common-net/2.9.0/smallrye-common-net-2.9.0.jar:/home/ali/.m2/repository/io/smallrye/common/smallrye-common-ref/2.9.0/smallrye-common-ref-2.9.0.jar:/home/ali/.m2/repository/jakarta/json/jakarta.json-api/2.1.3/jakarta.json-api-2.1.3.jar:/home/ali/.m2/repository/org/eclipse/parsson/parsson/1.1.7/parsson-1.1.7.jar:/home/ali/.m2/repository/org/jboss/logging/jboss-logging-annotations/3.0.2.Final/jboss-logging-annotations-3.0.2.Final.jar:/home/ali/.m2/repository/org/jboss/threads/jboss-threads/3.8.0.Final/jboss-threads-3.8.0.Final.jar:/home/ali/.m2/repository/io/smallrye/common/smallrye-common-annotation/2.9.0/smallrye-common-annotation-2.9.0.jar:/home/ali/.m2/repository/io/smallrye/common/smallrye-common-function/2.9.0/smallrye-common-function-2.9.0.jar:/home/ali/.m2/repository/org/slf4j/slf4j-api/2.0.6/slf4j-api-2.0.6.jar:/home/ali/.m2/repository/org/jboss/slf4j/slf4j-jboss-logmanager/2.0.0.Final/slf4j-jboss-logmanager-2.0.0.Final.jar:/home/ali/.m2/repository/org/wildfly/common/wildfly-common/1.7.0.Final/wildfly-common-1.7.0.Final.jar:/home/ali/.m2/repository/io/quarkus/quarkus-bootstrap-runner/3.17.5/quarkus-bootstrap-runner-3.17.5.jar:/home/ali/.m2/repository/io/smallrye/common/smallrye-common-io/2.9.0/smallrye-common-io-2.9.0.jar:/home/ali/.m2/repository/io/quarkus/quarkus-fs-util/0.0.10/quarkus-fs-util-0.0.10.jar:/home/ali/.m2/repository/io/quarkus/quarkus-test-common/3.17.5/quarkus-test-common-3.17.5.jar:/home/ali/.m2/repository/io/quarkus/quarkus-bootstrap-maven-resolver/3.17.5/quarkus-bootstrap-maven-resolver-3.17.5.jar:/home/ali/.m2/repository/io/smallrye/beanbag/smallrye-beanbag-maven/1.5.2/smallrye-beanbag-maven-1.5.2.jar:/home/ali/.m2/repository/io/smallrye/beanbag/smallrye-beanbag-sisu/1.5.2/smallrye-beanbag-sisu-1.5.2.jar:/home/ali/.m2/repository/io/smallrye/beanbag/smallrye-beanbag/1.5.2/smallrye-beanbag-1.5.2.jar:/home/ali/.m2/repository/javax/inject/javax.inject/1/javax.inject-1.jar:/home/ali/.m2/repository/org/apache/maven/maven-artifact/3.9.9/maven-artifact-3.9.9.jar:/home/ali/.m2/repository/org/apache/maven/maven-builder-support/3.9.9/maven-builder-support-3.9.9.jar:/home/ali/.m2/repository/org/apache/maven/maven-model/3.9.9/maven-model-3.9.9.jar:/home/ali/.m2/repository/org/apache/maven/maven-model-builder/3.9.9/maven-model-builder-3.9.9.jar:/home/ali/.m2/repository/org/apache/maven/maven-repository-metadata/3.9.9/maven-repository-metadata-3.9.9.jar:/home/ali/.m2/repository/org/apache/maven/maven-settings/3.9.9/maven-settings-3.9.9.jar:/home/ali/.m2/repository/org/apache/maven/resolver/maven-resolver-api/1.9.22/maven-resolver-api-1.9.22.jar:/home/ali/.m2/repository/org/apache/maven/resolver/maven-resolver-impl/1.9.22/maven-resolver-impl-1.9.22.jar:/home/ali/.m2/repository/org/apache/maven/resolver/maven-resolver-named-locks/1.9.22/maven-resolver-named-locks-1.9.22.jar:/home/ali/.m2/repository/org/apache/maven/resolver/maven-resolver-spi/1.9.22/maven-resolver-spi-1.9.22.jar:/home/ali/.m2/repository/org/apache/maven/resolver/maven-resolver-util/1.9.22/maven-resolver-util-1.9.22.jar:/home/ali/.m2/repository/org/apache/maven/resolver/maven-resolver-transport-http/1.9.20/maven-resolver-transport-http-1.9.20.jar:/home/ali/.m2/repository/org/apache/maven/wagon/wagon-provider-api/3.5.3/wagon-provider-api-3.5.3.jar:/home/ali/.m2/repository/org/apache/maven/wagon/wagon-http-shared/3.5.3/wagon-http-shared-3.5.3.jar:/home/ali/.m2/repository/org/codehaus/plexus/plexus-interpolation/1.26/plexus-interpolation-1.26.jar:/home/ali/.m2/repository/org/codehaus/plexus/plexus-utils/3.5.1/plexus-utils-3.5.1.jar:/home/ali/.m2/repository/org/codehaus/plexus/plexus-xml/4.0.1/plexus-xml-4.0.1.jar:/home/ali/.m2/repository/org/apache/maven/maven-xml-impl/4.0.0-alpha-5/maven-xml-impl-4.0.0-alpha-5.jar:/home/ali/.m2/repository/org/apache/maven/maven-api-xml/4.0.0-alpha-5/maven-api-xml-4.0.0-alpha-5.jar:/home/ali/.m2/repository/org/apache/maven/maven-api-meta/4.0.0-alpha-5/maven-api-meta-4.0.0-alpha-5.jar:/home/ali/.m2/repository/org/codehaus/plexus/plexus-cipher/2.0/plexus-cipher-2.0.jar:/home/ali/.m2/repository/org/codehaus/plexus/plexus-sec-dispatcher/2.0/plexus-sec-dispatcher-2.0.jar:/home/ali/.m2/repository/io/quarkus/quarkus-bootstrap-app-model/3.17.5/quarkus-bootstrap-app-model-3.17.5.jar:/home/ali/.m2/repository/org/apache/maven/maven-embedder/3.9.9/maven-embedder-3.9.9.jar:/home/ali/.m2/repository/org/apache/maven/shared/maven-shared-utils/3.4.2/maven-shared-utils-3.4.2.jar:/home/ali/.m2/repository/com/google/inject/guice/5.1.0/guice-5.1.0.jar:/home/ali/.m2/repository/aopalliance/aopalliance/1.0/aopalliance-1.0.jar:/home/ali/.m2/repository/com/google/guava/guava/33.3.1-jre/guava-33.3.1-jre.jar:/home/ali/.m2/repository/com/google/guava/failureaccess/1.0.1/failureaccess-1.0.1.jar:/home/ali/.m2/repository/javax/annotation/javax.annotation-api/1.3.2/javax.annotation-api-1.3.2.jar:/home/ali/.m2/repository/org/codehaus/plexus/plexus-classworlds/2.6.0/plexus-classworlds-2.6.0.jar:/home/ali/.m2/repository/commons-cli/commons-cli/1.8.0/commons-cli-1.8.0.jar:/home/ali/.m2/repository/org/eclipse/sisu/org.eclipse.sisu.plexus/0.9.0.M3/org.eclipse.sisu.plexus-0.9.0.M3.jar:/home/ali/.m2/repository/org/apache/maven/maven-settings-builder/3.9.9/maven-settings-builder-3.9.9.jar:/home/ali/.m2/repository/org/apache/maven/maven-resolver-provider/3.9.9/maven-resolver-provider-3.9.9.jar:/home/ali/.m2/repository/org/apache/maven/resolver/maven-resolver-connector-basic/1.9.22/maven-resolver-connector-basic-1.9.22.jar:/home/ali/.m2/repository/org/apache/maven/resolver/maven-resolver-transport-wagon/1.9.22/maven-resolver-transport-wagon-1.9.22.jar:/home/ali/.m2/repository/org/apache/maven/wagon/wagon-http/3.5.3/wagon-http-3.5.3.jar:/home/ali/.m2/repository/org/apache/maven/wagon/wagon-file/3.5.3/wagon-file-3.5.3.jar:/home/ali/.m2/repository/io/quarkus/quarkus-bootstrap-gradle-resolver/3.17.5/quarkus-bootstrap-gradle-resolver-3.17.5.jar:/home/ali/.m2/repository/io/smallrye/jandex/3.2.3/jandex-3.2.3.jar:/home/ali/.m2/repository/commons-io/commons-io/2.17.0/commons-io-2.17.0.jar:/home/ali/.m2/repository/org/jboss/logging/commons-logging-jboss-logging/1.0.0.Final/commons-logging-jboss-logging-1.0.0.Final.jar:/home/ali/.m2/repository/jakarta/enterprise/jakarta.enterprise.cdi-api/4.1.0/jakarta.enterprise.cdi-api-4.1.0.jar:/home/ali/.m2/repository/jakarta/enterprise/jakarta.enterprise.lang-model/4.1.0/jakarta.enterprise.lang-model-4.1.0.jar:/home/ali/.m2/repository/jakarta/el/jakarta.el-api/5.0.1/jakarta.el-api-5.0.1.jar:/home/ali/.m2/repository/jakarta/interceptor/jakarta.interceptor-api/2.2.0/jakarta.interceptor-api-2.2.0.jar:/home/ali/.m2/repository/io/quarkus/quarkus-devtools-utilities/3.17.5/quarkus-devtools-utilities-3.17.5.jar:/home/ali/.m2/repository/org/awaitility/awaitility/4.2.2/awaitility-4.2.2.jar:/home/ali/.m2/repository/io/quarkus/quarkus-undertow-deployment/3.17.5/quarkus-undertow-deployment-3.17.5.jar:/home/ali/.m2/repository/io/quarkus/http/quarkus-http-servlet/5.3.4/quarkus-http-servlet-5.3.4.jar:/home/ali/.m2/repository/jakarta/servlet/jakarta.servlet-api/6.0.0/jakarta.servlet-api-6.0.0.jar:/home/ali/.m2/repository/io/quarkus/quarkus-core-deployment/3.17.5/quarkus-core-deployment-3.17.5.jar:/home/ali/.m2/repository/io/quarkus/quarkus-classloader-commons/3.17.5/quarkus-classloader-commons-3.17.5.jar:/home/ali/.m2/repository/org/aesh/readline/2.6/readline-2.6.jar:/home/ali/.m2/repository/org/fusesource/jansi/jansi/2.4.0/jansi-2.4.0.jar:/home/ali/.m2/repository/org/aesh/aesh/2.8.2/aesh-2.8.2.jar:/home/ali/.m2/repository/org/apache/commons/commons-lang3/3.17.0/commons-lang3-3.17.0.jar:/home/ali/.m2/repository/io/quarkus/gizmo/gizmo/1.8.0/gizmo-1.8.0.jar:/home/ali/.m2/repository/org/ow2/asm/asm-util/9.7.1/asm-util-9.7.1.jar:/home/ali/.m2/repository/org/ow2/asm/asm-analysis/9.7.1/asm-analysis-9.7.1.jar:/home/ali/.m2/repository/org/ow2/asm/asm/9.7.1/asm-9.7.1.jar:/home/ali/.m2/repository/org/ow2/asm/asm-commons/9.7.1/asm-commons-9.7.1.jar:/home/ali/.m2/repository/org/ow2/asm/asm-tree/9.7.1/asm-tree-9.7.1.jar:/home/ali/.m2/repository/io/quarkus/quarkus-hibernate-validator-spi/3.17.5/quarkus-hibernate-validator-spi-3.17.5.jar:/home/ali/.m2/repository/io/quarkus/quarkus-class-change-agent/3.17.5/quarkus-class-change-agent-3.17.5.jar:/home/ali/.m2/repository/io/quarkus/quarkus-bootstrap-core/3.17.5/quarkus-bootstrap-core-3.17.5.jar:/home/ali/.m2/repository/org/eclipse/sisu/org.eclipse.sisu.inject/0.9.0.M3/org.eclipse.sisu.inject-0.9.0.M3.jar:/home/ali/.m2/repository/io/quarkus/quarkus-builder/3.17.5/quarkus-builder-3.17.5.jar:/home/ali/.m2/repository/org/graalvm/sdk/nativeimage/23.1.2/nativeimage-23.1.2.jar:/home/ali/.m2/repository/org/graalvm/sdk/word/23.1.2/word-23.1.2.jar:/home/ali/.m2/repository/org/junit/platform/junit-platform-launcher/1.10.5/junit-platform-launcher-1.10.5.jar:/home/ali/.m2/repository/org/junit/jupiter/junit-jupiter/5.10.5/junit-jupiter-5.10.5.jar:/home/ali/.m2/repository/io/quarkus/quarkus-arc-deployment/3.17.5/quarkus-arc-deployment-3.17.5.jar:/home/ali/.m2/repository/io/quarkus/quarkus-smallrye-context-propagation-spi/3.17.5/quarkus-smallrye-context-propagation-spi-3.17.5.jar:/home/ali/.m2/repository/io/quarkus/quarkus-vertx-http-dev-ui-spi/3.17.5/quarkus-vertx-http-dev-ui-spi-3.17.5.jar:/home/ali/.m2/repository/io/quarkus/arc/arc-processor/3.17.5/arc-processor-3.17.5.jar:/home/ali/.m2/repository/io/quarkus/quarkus-arc-test-supplement/3.17.5/quarkus-arc-test-supplement-3.17.5.jar:/home/ali/.m2/repository/io/quarkus/quarkus-undertow-spi/3.17.5/quarkus-undertow-spi-3.17.5.jar:/home/ali/.m2/repository/io/quarkus/quarkus-vertx-http-deployment/3.17.5/quarkus-vertx-http-deployment-3.17.5.jar:/home/ali/.m2/repository/io/quarkus/quarkus-vertx-deployment/3.17.5/quarkus-vertx-deployment-3.17.5.jar:/home/ali/.m2/repository/io/quarkus/quarkus-netty-deployment/3.17.5/quarkus-netty-deployment-3.17.5.jar:/home/ali/.m2/repository/io/quarkus/quarkus-virtual-threads-deployment/3.17.5/quarkus-virtual-threads-deployment-3.17.5.jar:/home/ali/.m2/repository/io/quarkus/quarkus-jackson-spi/3.17.5/quarkus-jackson-spi-3.17.5.jar:/home/ali/.m2/repository/io/quarkus/quarkus-vertx-deployment-spi/3.17.5/quarkus-vertx-deployment-spi-3.17.5.jar:/home/ali/.m2/repository/io/quarkus/quarkus-vertx-http-deployment-spi/3.17.5/quarkus-vertx-http-deployment-spi-3.17.5.jar:/home/ali/.m2/repository/io/quarkus/quarkus-mutiny-deployment/3.17.5/quarkus-mutiny-deployment-3.17.5.jar:/home/ali/.m2/repository/io/quarkus/quarkus-smallrye-context-propagation-deployment/3.17.5/quarkus-smallrye-context-propagation-deployment-3.17.5.jar:/home/ali/.m2/repository/io/quarkus/quarkus-tls-registry-deployment/3.17.5/quarkus-tls-registry-deployment-3.17.5.jar:/home/ali/.m2/repository/io/quarkus/quarkus-credentials-deployment/3.17.5/quarkus-credentials-deployment-3.17.5.jar:/home/ali/.m2/repository/io/quarkus/quarkus-security-spi/3.17.5/quarkus-security-spi-3.17.5.jar:/home/ali/.m2/repository/io/quarkus/quarkus-vertx-http-dev-ui-resources/3.17.5/quarkus-vertx-http-dev-ui-resources-3.17.5.jar:/home/ali/.m2/repository/org/mvnpm/at/vaadin/router/1.7.5/router-1.7.5.jar:/home/ali/.m2/repository/org/mvnpm/path-to-regexp/2.4.0/path-to-regexp-2.4.0.jar:/home/ali/.m2/repository/org/mvnpm/at/mvnpm/vaadin-webcomponents/24.4.10/vaadin-webcomponents-24.4.10.jar:/home/ali/.m2/repository/org/mvnpm/at/vaadin/vaadin-usage-statistics/2.1.2/vaadin-usage-statistics-2.1.2.jar:/home/ali/.m2/repository/org/mvnpm/at/vaadin/vaadin-development-mode-detector/2.0.7/vaadin-development-mode-detector-2.0.7.jar:/home/ali/.m2/repository/org/mvnpm/at/polymer/polymer/3.5.1/polymer-3.5.1.jar:/home/ali/.m2/repository/org/mvnpm/at/webcomponents/shadycss/1.11.2/shadycss-1.11.2.jar:/home/ali/.m2/repository/org/mvnpm/at/open-wc/dedupe-mixin/1.4.0/dedupe-mixin-1.4.0.jar:/home/ali/.m2/repository/org/mvnpm/lit/3.2.1/lit-3.2.1.jar:/home/ali/.m2/repository/org/mvnpm/at/lit/reactive-element/2.0.4/reactive-element-2.0.4.jar:/home/ali/.m2/repository/org/mvnpm/lit-element/4.1.1/lit-element-4.1.1.jar:/home/ali/.m2/repository/org/mvnpm/lit-html/3.2.1/lit-html-3.2.1.jar:/home/ali/.m2/repository/org/mvnpm/at/lit-labs/ssr-dom-shim/1.2.1/ssr-dom-shim-1.2.1.jar:/home/ali/.m2/repository/org/mvnpm/at/types/trusted-types/2.0.7/trusted-types-2.0.7.jar:/home/ali/.m2/repository/org/mvnpm/lit-element-state/1.7.0/lit-element-state-1.7.0.jar:/home/ali/.m2/repository/org/mvnpm/echarts/5.5.1/echarts-5.5.1.jar:/home/ali/.m2/repository/org/mvnpm/tslib/2.3.0/tslib-2.3.0.jar:/home/ali/.m2/repository/org/mvnpm/zrender/5.6.0/zrender-5.6.0.jar:/home/ali/.m2/repository/org/mvnpm/at/mvnpm/codeblock/1.0.17/codeblock-1.0.17.jar:/home/ali/.m2/repository/org/mvnpm/at/mvnpm/qomponent/1.0.1/qomponent-1.0.1.jar:/home/ali/.m2/repository/org/mvnpm/markdown-it/14.1.0/markdown-it-14.1.0.jar:/home/ali/.m2/repository/org/mvnpm/argparse/2.0.1/argparse-2.0.1.jar:/home/ali/.m2/repository/org/mvnpm/entities/4.5.0/entities-4.5.0.jar:/home/ali/.m2/repository/org/mvnpm/linkify-it/5.0.0/linkify-it-5.0.0.jar:/home/ali/.m2/repository/org/mvnpm/mdurl/2.0.0/mdurl-2.0.0.jar:/home/ali/.m2/repository/org/mvnpm/punycode.js/2.3.1/punycode.js-2.3.1.jar:/home/ali/.m2/repository/org/mvnpm/uc.micro/2.1.0/uc.micro-2.1.0.jar:/home/ali/.m2/repository/org/mvnpm/es-module-shims/1.10.0/es-module-shims-1.10.0.jar:/home/ali/.m2/repository/io/mvnpm/importmap/1.0.11/importmap-1.0.11.jar:/home/ali/.m2/repository/io/quarkus/qute/qute-core/3.17.5/qute-core-3.17.5.jar:/home/ali/.m2/repository/org/yaml/snakeyaml/2.3/snakeyaml-2.3.jar:/home/ali/.m2/repository/com/fasterxml/jackson/core/jackson-databind/2.18.2/jackson-databind-2.18.2.jar:/home/ali/.m2/repository/com/fasterxml/jackson/core/jackson-annotations/2.18.2/jackson-annotations-2.18.2.jar:/home/ali/.m2/repository/com/fasterxml/jackson/core/jackson-core/2.18.2/jackson-core-2.18.2.jar:/home/ali/.m2/repository/com/fasterxml/jackson/datatype/jackson-datatype-jdk8/2.18.2/jackson-datatype-jdk8-2.18.2.jar:/home/ali/.m2/repository/io/quarkus/quarkus-devtools-common/3.17.5/quarkus-devtools-common-3.17.5.jar:/home/ali/.m2/repository/io/quarkus/quarkus-devtools-registry-client/3.17.5/quarkus-devtools-registry-client-3.17.5.jar:/home/ali/.m2/repository/io/quarkus/quarkus-devtools-message-writer/3.17.5/quarkus-devtools-message-writer-3.17.5.jar:/home/ali/.m2/repository/io/quarkus/quarkus-devtools-base-codestarts/3.17.5/quarkus-devtools-base-codestarts-3.17.5.jar:/home/ali/.m2/repository/io/quarkus/quarkus-devtools-codestarts/3.17.5/quarkus-devtools-codestarts-3.17.5.jar:/home/ali/.m2/repository/org/apache/commons/commons-compress/1.27.1/commons-compress-1.27.1.jar:/home/ali/.m2/repository/io/smallrye/common/smallrye-common-version/2.9.0/smallrye-common-version-2.9.0.jar:/home/ali/.m2/repository/io/fabric8/maven-model-helper/37/maven-model-helper-37.jar:/home/ali/.m2/repository/org/jdom/jdom2/2.0.6.1/jdom2-2.0.6.1.jar:/home/ali/.m2/repository/com/fasterxml/jackson/dataformat/jackson-dataformat-yaml/2.18.2/jackson-dataformat-yaml-2.18.2.jar:/home/ali/.m2/repository/org/apache/maven/maven-plugin-api/3.9.9/maven-plugin-api-3.9.9.jar:/home/ali/.m2/repository/org/apache/maven/maven-core/3.9.9/maven-core-3.9.9.jar:/home/ali/.m2/repository/org/codehaus/plexus/plexus-component-annotations/2.1.0/plexus-component-annotations-2.1.0.jar:/home/ali/.m2/repository/org/codejive/java-properties/0.0.7/java-properties-0.0.7.jar:/home/ali/.m2/repository/io/quarkus/quarkus-kubernetes-spi/3.17.5/quarkus-kubernetes-spi-3.17.5.jar:/home/ali/.m2/repository/org/jboss/metadata/jboss-metadata-web/16.0.0.Final/jboss-metadata-web-16.0.0.Final.jar:/home/ali/.m2/repository/org/jboss/metadata/jboss-metadata-common/16.0.0.Final/jboss-metadata-common-16.0.0.Final.jar:/home/ali/.m2/repository/io/rest-assured/rest-assured/5.5.0/rest-assured-5.5.0.jar:/home/ali/.m2/repository/org/apache/groovy/groovy/4.0.22/groovy-4.0.22.jar:/home/ali/.m2/repository/org/apache/groovy/groovy-xml/4.0.22/groovy-xml-4.0.22.jar:/home/ali/.m2/repository/org/apache/httpcomponents/httpclient/4.5.14/httpclient-4.5.14.jar:/home/ali/.m2/repository/org/apache/httpcomponents/httpcore/4.4.16/httpcore-4.4.16.jar:/home/ali/.m2/repository/commons-codec/commons-codec/1.17.1/commons-codec-1.17.1.jar:/home/ali/.m2/repository/org/apache/httpcomponents/httpmime/4.5.14/httpmime-4.5.14.jar:/home/ali/.m2/repository/org/hamcrest/hamcrest/2.2/hamcrest-2.2.jar:/home/ali/.m2/repository/org/ccil/cowan/tagsoup/tagsoup/1.2.1/tagsoup-1.2.1.jar:/home/ali/.m2/repository/io/rest-assured/json-path/5.5.0/json-path-5.5.0.jar:/home/ali/.m2/repository/org/apache/groovy/groovy-json/4.0.22/groovy-json-4.0.22.jar:/home/ali/.m2/repository/io/rest-assured/rest-assured-common/5.5.0/rest-assured-common-5.5.0.jar:/home/ali/.m2/repository/io/rest-assured/xml-path/5.5.0/xml-path-5.5.0.jar:"/>
    <property name="java.vm.vendor" value="Ubuntu"/>
    <property name="sun.arch.data.model" value="64"/>
    <property name="java.vendor.url" value="https://ubuntu.com/"/>
    <property name="user.timezone" value="Africa/Cairo"/>
    <property name="logging.initial-configurator.min-level" value="500"/>
    <property name="os.name" value="Linux"/>
    <property name="java.vm.specification.version" value="21"/>
    <property name="sun.java.launcher" value="SUN_STANDARD"/>
    <property name="user.country" value="US"/>
    <property name="groovy.use.classvalue" value="false"/>
    <property name="sun.boot.library.path" value="/usr/lib/jvm/java-21-openjdk-amd64/lib"/>
    <property name="sun.java.command" value="/home/ali/Ali/backend/Java/greeting-extension/deployment/target/surefire/surefirebooter-20241224125052714_3.jar /home/ali/Ali/backend/Java/greeting-extension/deployment/target/surefire 2024-12-24T12-50-51_507-jvmRun1 surefire-20241224125052714_1tmp surefire_0-20241224125052714_2tmp"/>
    <property name="jdk.debug" value="release"/>
    <property name="maven.home" value="/usr/share/maven"/>
    <property name="surefire.test.class.path" value="/home/ali/Ali/backend/Java/greeting-extension/deployment/target/test-classes:/home/ali/Ali/backend/Java/greeting-extension/deployment/target/classes:/home/ali/Ali/backend/Java/greeting-extension/runtime/target/greeting-extension-1.0.0-SNAPSHOT.jar:/home/ali/.m2/repository/io/quarkus/quarkus-undertow/3.17.5/quarkus-undertow-3.17.5.jar:/home/ali/.m2/repository/io/quarkus/quarkus-arc/3.17.5/quarkus-arc-3.17.5.jar:/home/ali/.m2/repository/io/quarkus/arc/arc/3.17.5/arc-3.17.5.jar:/home/ali/.m2/repository/jakarta/transaction/jakarta.transaction-api/2.0.1/jakarta.transaction-api-2.0.1.jar:/home/ali/.m2/repository/io/quarkus/quarkus-vertx-http/3.17.5/quarkus-vertx-http-3.17.5.jar:/home/ali/.m2/repository/io/quarkus/quarkus-security-runtime-spi/3.17.5/quarkus-security-runtime-spi-3.17.5.jar:/home/ali/.m2/repository/io/quarkus/quarkus-tls-registry/3.17.5/quarkus-tls-registry-3.17.5.jar:/home/ali/.m2/repository/io/quarkus/quarkus-credentials/3.17.5/quarkus-credentials-3.17.5.jar:/home/ali/.m2/repository/io/quarkus/quarkus-mutiny/3.17.5/quarkus-mutiny-3.17.5.jar:/home/ali/.m2/repository/io/quarkus/quarkus-smallrye-context-propagation/3.17.5/quarkus-smallrye-context-propagation-3.17.5.jar:/home/ali/.m2/repository/io/smallrye/smallrye-context-propagation/2.1.2/smallrye-context-propagation-2.1.2.jar:/home/ali/.m2/repository/io/smallrye/smallrye-context-propagation-api/2.1.2/smallrye-context-propagation-api-2.1.2.jar:/home/ali/.m2/repository/io/smallrye/smallrye-context-propagation-storage/2.1.2/smallrye-context-propagation-storage-2.1.2.jar:/home/ali/.m2/repository/io/smallrye/reactive/mutiny-smallrye-context-propagation/2.6.2/mutiny-smallrye-context-propagation-2.6.2.jar:/home/ali/.m2/repository/io/smallrye/common/smallrye-common-vertx-context/2.9.0/smallrye-common-vertx-context-2.9.0.jar:/home/ali/.m2/repository/io/quarkus/quarkus-vertx/3.17.5/quarkus-vertx-3.17.5.jar:/home/ali/.m2/repository/io/quarkus/quarkus-netty/3.17.5/quarkus-netty-3.17.5.jar:/home/ali/.m2/repository/io/netty/netty-codec-haproxy/4.1.115.Final/netty-codec-haproxy-4.1.115.Final.jar:/home/ali/.m2/repository/io/quarkus/quarkus-virtual-threads/3.17.5/quarkus-virtual-threads-3.17.5.jar:/home/ali/.m2/repository/io/quarkus/quarkus-vertx-latebound-mdc-provider/3.17.5/quarkus-vertx-latebound-mdc-provider-3.17.5.jar:/home/ali/.m2/repository/io/smallrye/reactive/smallrye-mutiny-vertx-core/3.16.0/smallrye-mutiny-vertx-core-3.16.0.jar:/home/ali/.m2/repository/io/smallrye/reactive/smallrye-mutiny-vertx-runtime/3.16.0/smallrye-mutiny-vertx-runtime-3.16.0.jar:/home/ali/.m2/repository/io/smallrye/reactive/vertx-mutiny-generator/3.16.0/vertx-mutiny-generator-3.16.0.jar:/home/ali/.m2/repository/io/vertx/vertx-codegen/4.5.11/vertx-codegen-4.5.11.jar:/home/ali/.m2/repository/io/smallrye/smallrye-fault-tolerance-vertx/6.6.3/smallrye-fault-tolerance-vertx-6.6.3.jar:/home/ali/.m2/repository/io/smallrye/reactive/smallrye-mutiny-vertx-web/3.16.0/smallrye-mutiny-vertx-web-3.16.0.jar:/home/ali/.m2/repository/io/smallrye/reactive/smallrye-mutiny-vertx-web-common/3.16.0/smallrye-mutiny-vertx-web-common-3.16.0.jar:/home/ali/.m2/repository/io/smallrye/reactive/smallrye-mutiny-vertx-auth-common/3.16.0/smallrye-mutiny-vertx-auth-common-3.16.0.jar:/home/ali/.m2/repository/io/smallrye/reactive/smallrye-mutiny-vertx-bridge-common/3.16.0/smallrye-mutiny-vertx-bridge-common-3.16.0.jar:/home/ali/.m2/repository/io/smallrye/reactive/smallrye-mutiny-vertx-uri-template/3.16.0/smallrye-mutiny-vertx-uri-template-3.16.0.jar:/home/ali/.m2/repository/io/vertx/vertx-uri-template/4.5.11/vertx-uri-template-4.5.11.jar:/home/ali/.m2/repository/io/vertx/vertx-web/4.5.11/vertx-web-4.5.11.jar:/home/ali/.m2/repository/io/vertx/vertx-web-common/4.5.11/vertx-web-common-4.5.11.jar:/home/ali/.m2/repository/io/vertx/vertx-auth-common/4.5.11/vertx-auth-common-4.5.11.jar:/home/ali/.m2/repository/io/vertx/vertx-bridge-common/4.5.11/vertx-bridge-common-4.5.11.jar:/home/ali/.m2/repository/io/github/crac/org-crac/0.1.3/org-crac-0.1.3.jar:/home/ali/.m2/repository/com/aayushatharva/brotli4j/brotli4j/1.16.0/brotli4j-1.16.0.jar:/home/ali/.m2/repository/com/aayushatharva/brotli4j/service/1.16.0/service-1.16.0.jar:/home/ali/.m2/repository/com/aayushatharva/brotli4j/native-linux-x86_64/1.16.0/native-linux-x86_64-1.16.0.jar:/home/ali/.m2/repository/io/quarkus/security/quarkus-security/2.2.0/quarkus-security-2.2.0.jar:/home/ali/.m2/repository/io/smallrye/reactive/mutiny/2.6.2/mutiny-2.6.2.jar:/home/ali/.m2/repository/org/jctools/jctools-core/4.0.5/jctools-core-4.0.5.jar:/home/ali/.m2/repository/jakarta/annotation/jakarta.annotation-api/3.0.0/jakarta.annotation-api-3.0.0.jar:/home/ali/.m2/repository/io/quarkus/http/quarkus-http-vertx-backend/5.3.4/quarkus-http-vertx-backend-5.3.4.jar:/home/ali/.m2/repository/io/vertx/vertx-core/4.5.11/vertx-core-4.5.11.jar:/home/ali/.m2/repository/io/netty/netty-common/4.1.115.Final/netty-common-4.1.115.Final.jar:/home/ali/.m2/repository/io/netty/netty-buffer/4.1.115.Final/netty-buffer-4.1.115.Final.jar:/home/ali/.m2/repository/io/netty/netty-transport/4.1.115.Final/netty-transport-4.1.115.Final.jar:/home/ali/.m2/repository/io/netty/netty-handler/4.1.115.Final/netty-handler-4.1.115.Final.jar:/home/ali/.m2/repository/io/netty/netty-transport-native-unix-common/4.1.115.Final/netty-transport-native-unix-common-4.1.115.Final.jar:/home/ali/.m2/repository/io/netty/netty-handler-proxy/4.1.115.Final/netty-handler-proxy-4.1.115.Final.jar:/home/ali/.m2/repository/io/netty/netty-codec-socks/4.1.115.Final/netty-codec-socks-4.1.115.Final.jar:/home/ali/.m2/repository/io/netty/netty-codec-http2/4.1.115.Final/netty-codec-http2-4.1.115.Final.jar:/home/ali/.m2/repository/io/netty/netty-resolver/4.1.115.Final/netty-resolver-4.1.115.Final.jar:/home/ali/.m2/repository/io/netty/netty-resolver-dns/4.1.115.Final/netty-resolver-dns-4.1.115.Final.jar:/home/ali/.m2/repository/io/netty/netty-codec-dns/4.1.115.Final/netty-codec-dns-4.1.115.Final.jar:/home/ali/.m2/repository/io/quarkus/http/quarkus-http-http-core/5.3.4/quarkus-http-http-core-5.3.4.jar:/home/ali/.m2/repository/io/quarkus/http/quarkus-http-core/5.3.4/quarkus-http-core-5.3.4.jar:/home/ali/.m2/repository/io/netty/netty-codec-http/4.1.115.Final/netty-codec-http-4.1.115.Final.jar:/home/ali/.m2/repository/io/netty/netty-codec/4.1.115.Final/netty-codec-4.1.115.Final.jar:/home/ali/.m2/repository/org/eclipse/microprofile/context-propagation/microprofile-context-propagation-api/1.3/microprofile-context-propagation-api-1.3.jar:/home/ali/.m2/repository/io/quarkus/quarkus-junit5-internal/3.17.5/quarkus-junit5-internal-3.17.5.jar:/home/ali/.m2/repository/org/jboss/shrinkwrap/shrinkwrap-api/1.2.6/shrinkwrap-api-1.2.6.jar:/home/ali/.m2/repository/org/jboss/shrinkwrap/shrinkwrap-spi/1.2.6/shrinkwrap-spi-1.2.6.jar:/home/ali/.m2/repository/org/jboss/shrinkwrap/shrinkwrap-impl-base/1.2.6/shrinkwrap-impl-base-1.2.6.jar:/home/ali/.m2/repository/org/junit/jupiter/junit-jupiter-api/5.10.5/junit-jupiter-api-5.10.5.jar:/home/ali/.m2/repository/org/opentest4j/opentest4j/1.3.0/opentest4j-1.3.0.jar:/home/ali/.m2/repository/org/junit/platform/junit-platform-commons/1.10.5/junit-platform-commons-1.10.5.jar:/home/ali/.m2/repository/org/apiguardian/apiguardian-api/1.1.2/apiguardian-api-1.1.2.jar:/home/ali/.m2/repository/org/junit/jupiter/junit-jupiter-params/5.10.5/junit-jupiter-params-5.10.5.jar:/home/ali/.m2/repository/org/junit/jupiter/junit-jupiter-engine/5.10.5/junit-jupiter-engine-5.10.5.jar:/home/ali/.m2/repository/org/junit/platform/junit-platform-engine/1.10.5/junit-platform-engine-1.10.5.jar:/home/ali/.m2/repository/io/quarkus/quarkus-core/3.17.5/quarkus-core-3.17.5.jar:/home/ali/.m2/repository/jakarta/inject/jakarta.inject-api/2.0.1/jakarta.inject-api-2.0.1.jar:/home/ali/.m2/repository/io/smallrye/common/smallrye-common-os/2.9.0/smallrye-common-os-2.9.0.jar:/home/ali/.m2/repository/io/quarkus/quarkus-ide-launcher/3.17.5/quarkus-ide-launcher-3.17.5.jar:/home/ali/.m2/repository/io/quarkus/quarkus-development-mode-spi/3.17.5/quarkus-development-mode-spi-3.17.5.jar:/home/ali/.m2/repository/io/smallrye/config/smallrye-config/3.10.2/smallrye-config-3.10.2.jar:/home/ali/.m2/repository/io/smallrye/config/smallrye-config-core/3.10.2/smallrye-config-core-3.10.2.jar:/home/ali/.m2/repository/org/eclipse/microprofile/config/microprofile-config-api/3.1/microprofile-config-api-3.1.jar:/home/ali/.m2/repository/io/smallrye/common/smallrye-common-classloader/2.9.0/smallrye-common-classloader-2.9.0.jar:/home/ali/.m2/repository/io/smallrye/config/smallrye-config-common/3.10.2/smallrye-config-common-3.10.2.jar:/home/ali/.m2/repository/org/jboss/logging/jboss-logging/3.6.1.Final/jboss-logging-3.6.1.Final.jar:/home/ali/.m2/repository/org/jboss/logmanager/jboss-logmanager/3.1.1.Final/jboss-logmanager-3.1.1.Final.jar:/home/ali/.m2/repository/io/smallrye/common/smallrye-common-constraint/2.9.0/smallrye-common-constraint-2.9.0.jar:/home/ali/.m2/repository/io/smallrye/common/smallrye-common-cpu/2.9.0/smallrye-common-cpu-2.9.0.jar:/home/ali/.m2/repository/io/smallrye/common/smallrye-common-expression/2.9.0/smallrye-common-expression-2.9.0.jar:/home/ali/.m2/repository/io/smallrye/common/smallrye-common-net/2.9.0/smallrye-common-net-2.9.0.jar:/home/ali/.m2/repository/io/smallrye/common/smallrye-common-ref/2.9.0/smallrye-common-ref-2.9.0.jar:/home/ali/.m2/repository/jakarta/json/jakarta.json-api/2.1.3/jakarta.json-api-2.1.3.jar:/home/ali/.m2/repository/org/eclipse/parsson/parsson/1.1.7/parsson-1.1.7.jar:/home/ali/.m2/repository/org/jboss/logging/jboss-logging-annotations/3.0.2.Final/jboss-logging-annotations-3.0.2.Final.jar:/home/ali/.m2/repository/org/jboss/threads/jboss-threads/3.8.0.Final/jboss-threads-3.8.0.Final.jar:/home/ali/.m2/repository/io/smallrye/common/smallrye-common-annotation/2.9.0/smallrye-common-annotation-2.9.0.jar:/home/ali/.m2/repository/io/smallrye/common/smallrye-common-function/2.9.0/smallrye-common-function-2.9.0.jar:/home/ali/.m2/repository/org/slf4j/slf4j-api/2.0.6/slf4j-api-2.0.6.jar:/home/ali/.m2/repository/org/jboss/slf4j/slf4j-jboss-logmanager/2.0.0.Final/slf4j-jboss-logmanager-2.0.0.Final.jar:/home/ali/.m2/repository/org/wildfly/common/wildfly-common/1.7.0.Final/wildfly-common-1.7.0.Final.jar:/home/ali/.m2/repository/io/quarkus/quarkus-bootstrap-runner/3.17.5/quarkus-bootstrap-runner-3.17.5.jar:/home/ali/.m2/repository/io/smallrye/common/smallrye-common-io/2.9.0/smallrye-common-io-2.9.0.jar:/home/ali/.m2/repository/io/quarkus/quarkus-fs-util/0.0.10/quarkus-fs-util-0.0.10.jar:/home/ali/.m2/repository/io/quarkus/quarkus-test-common/3.17.5/quarkus-test-common-3.17.5.jar:/home/ali/.m2/repository/io/quarkus/quarkus-bootstrap-maven-resolver/3.17.5/quarkus-bootstrap-maven-resolver-3.17.5.jar:/home/ali/.m2/repository/io/smallrye/beanbag/smallrye-beanbag-maven/1.5.2/smallrye-beanbag-maven-1.5.2.jar:/home/ali/.m2/repository/io/smallrye/beanbag/smallrye-beanbag-sisu/1.5.2/smallrye-beanbag-sisu-1.5.2.jar:/home/ali/.m2/repository/io/smallrye/beanbag/smallrye-beanbag/1.5.2/smallrye-beanbag-1.5.2.jar:/home/ali/.m2/repository/javax/inject/javax.inject/1/javax.inject-1.jar:/home/ali/.m2/repository/org/apache/maven/maven-artifact/3.9.9/maven-artifact-3.9.9.jar:/home/ali/.m2/repository/org/apache/maven/maven-builder-support/3.9.9/maven-builder-support-3.9.9.jar:/home/ali/.m2/repository/org/apache/maven/maven-model/3.9.9/maven-model-3.9.9.jar:/home/ali/.m2/repository/org/apache/maven/maven-model-builder/3.9.9/maven-model-builder-3.9.9.jar:/home/ali/.m2/repository/org/apache/maven/maven-repository-metadata/3.9.9/maven-repository-metadata-3.9.9.jar:/home/ali/.m2/repository/org/apache/maven/maven-settings/3.9.9/maven-settings-3.9.9.jar:/home/ali/.m2/repository/org/apache/maven/resolver/maven-resolver-api/1.9.22/maven-resolver-api-1.9.22.jar:/home/ali/.m2/repository/org/apache/maven/resolver/maven-resolver-impl/1.9.22/maven-resolver-impl-1.9.22.jar:/home/ali/.m2/repository/org/apache/maven/resolver/maven-resolver-named-locks/1.9.22/maven-resolver-named-locks-1.9.22.jar:/home/ali/.m2/repository/org/apache/maven/resolver/maven-resolver-spi/1.9.22/maven-resolver-spi-1.9.22.jar:/home/ali/.m2/repository/org/apache/maven/resolver/maven-resolver-util/1.9.22/maven-resolver-util-1.9.22.jar:/home/ali/.m2/repository/org/apache/maven/resolver/maven-resolver-transport-http/1.9.20/maven-resolver-transport-http-1.9.20.jar:/home/ali/.m2/repository/org/apache/maven/wagon/wagon-provider-api/3.5.3/wagon-provider-api-3.5.3.jar:/home/ali/.m2/repository/org/apache/maven/wagon/wagon-http-shared/3.5.3/wagon-http-shared-3.5.3.jar:/home/ali/.m2/repository/org/codehaus/plexus/plexus-interpolation/1.26/plexus-interpolation-1.26.jar:/home/ali/.m2/repository/org/codehaus/plexus/plexus-utils/3.5.1/plexus-utils-3.5.1.jar:/home/ali/.m2/repository/org/codehaus/plexus/plexus-xml/4.0.1/plexus-xml-4.0.1.jar:/home/ali/.m2/repository/org/apache/maven/maven-xml-impl/4.0.0-alpha-5/maven-xml-impl-4.0.0-alpha-5.jar:/home/ali/.m2/repository/org/apache/maven/maven-api-xml/4.0.0-alpha-5/maven-api-xml-4.0.0-alpha-5.jar:/home/ali/.m2/repository/org/apache/maven/maven-api-meta/4.0.0-alpha-5/maven-api-meta-4.0.0-alpha-5.jar:/home/ali/.m2/repository/org/codehaus/plexus/plexus-cipher/2.0/plexus-cipher-2.0.jar:/home/ali/.m2/repository/org/codehaus/plexus/plexus-sec-dispatcher/2.0/plexus-sec-dispatcher-2.0.jar:/home/ali/.m2/repository/io/quarkus/quarkus-bootstrap-app-model/3.17.5/quarkus-bootstrap-app-model-3.17.5.jar:/home/ali/.m2/repository/org/apache/maven/maven-embedder/3.9.9/maven-embedder-3.9.9.jar:/home/ali/.m2/repository/org/apache/maven/shared/maven-shared-utils/3.4.2/maven-shared-utils-3.4.2.jar:/home/ali/.m2/repository/com/google/inject/guice/5.1.0/guice-5.1.0.jar:/home/ali/.m2/repository/aopalliance/aopalliance/1.0/aopalliance-1.0.jar:/home/ali/.m2/repository/com/google/guava/guava/33.3.1-jre/guava-33.3.1-jre.jar:/home/ali/.m2/repository/com/google/guava/failureaccess/1.0.1/failureaccess-1.0.1.jar:/home/ali/.m2/repository/javax/annotation/javax.annotation-api/1.3.2/javax.annotation-api-1.3.2.jar:/home/ali/.m2/repository/org/codehaus/plexus/plexus-classworlds/2.6.0/plexus-classworlds-2.6.0.jar:/home/ali/.m2/repository/commons-cli/commons-cli/1.8.0/commons-cli-1.8.0.jar:/home/ali/.m2/repository/org/eclipse/sisu/org.eclipse.sisu.plexus/0.9.0.M3/org.eclipse.sisu.plexus-0.9.0.M3.jar:/home/ali/.m2/repository/org/apache/maven/maven-settings-builder/3.9.9/maven-settings-builder-3.9.9.jar:/home/ali/.m2/repository/org/apache/maven/maven-resolver-provider/3.9.9/maven-resolver-provider-3.9.9.jar:/home/ali/.m2/repository/org/apache/maven/resolver/maven-resolver-connector-basic/1.9.22/maven-resolver-connector-basic-1.9.22.jar:/home/ali/.m2/repository/org/apache/maven/resolver/maven-resolver-transport-wagon/1.9.22/maven-resolver-transport-wagon-1.9.22.jar:/home/ali/.m2/repository/org/apache/maven/wagon/wagon-http/3.5.3/wagon-http-3.5.3.jar:/home/ali/.m2/repository/org/apache/maven/wagon/wagon-file/3.5.3/wagon-file-3.5.3.jar:/home/ali/.m2/repository/io/quarkus/quarkus-bootstrap-gradle-resolver/3.17.5/quarkus-bootstrap-gradle-resolver-3.17.5.jar:/home/ali/.m2/repository/io/smallrye/jandex/3.2.3/jandex-3.2.3.jar:/home/ali/.m2/repository/commons-io/commons-io/2.17.0/commons-io-2.17.0.jar:/home/ali/.m2/repository/org/jboss/logging/commons-logging-jboss-logging/1.0.0.Final/commons-logging-jboss-logging-1.0.0.Final.jar:/home/ali/.m2/repository/jakarta/enterprise/jakarta.enterprise.cdi-api/4.1.0/jakarta.enterprise.cdi-api-4.1.0.jar:/home/ali/.m2/repository/jakarta/enterprise/jakarta.enterprise.lang-model/4.1.0/jakarta.enterprise.lang-model-4.1.0.jar:/home/ali/.m2/repository/jakarta/el/jakarta.el-api/5.0.1/jakarta.el-api-5.0.1.jar:/home/ali/.m2/repository/jakarta/interceptor/jakarta.interceptor-api/2.2.0/jakarta.interceptor-api-2.2.0.jar:/home/ali/.m2/repository/io/quarkus/quarkus-devtools-utilities/3.17.5/quarkus-devtools-utilities-3.17.5.jar:/home/ali/.m2/repository/org/awaitility/awaitility/4.2.2/awaitility-4.2.2.jar:/home/ali/.m2/repository/io/quarkus/quarkus-undertow-deployment/3.17.5/quarkus-undertow-deployment-3.17.5.jar:/home/ali/.m2/repository/io/quarkus/http/quarkus-http-servlet/5.3.4/quarkus-http-servlet-5.3.4.jar:/home/ali/.m2/repository/jakarta/servlet/jakarta.servlet-api/6.0.0/jakarta.servlet-api-6.0.0.jar:/home/ali/.m2/repository/io/quarkus/quarkus-core-deployment/3.17.5/quarkus-core-deployment-3.17.5.jar:/home/ali/.m2/repository/io/quarkus/quarkus-classloader-commons/3.17.5/quarkus-classloader-commons-3.17.5.jar:/home/ali/.m2/repository/org/aesh/readline/2.6/readline-2.6.jar:/home/ali/.m2/repository/org/fusesource/jansi/jansi/2.4.0/jansi-2.4.0.jar:/home/ali/.m2/repository/org/aesh/aesh/2.8.2/aesh-2.8.2.jar:/home/ali/.m2/repository/org/apache/commons/commons-lang3/3.17.0/commons-lang3-3.17.0.jar:/home/ali/.m2/repository/io/quarkus/gizmo/gizmo/1.8.0/gizmo-1.8.0.jar:/home/ali/.m2/repository/org/ow2/asm/asm-util/9.7.1/asm-util-9.7.1.jar:/home/ali/.m2/repository/org/ow2/asm/asm-analysis/9.7.1/asm-analysis-9.7.1.jar:/home/ali/.m2/repository/org/ow2/asm/asm/9.7.1/asm-9.7.1.jar:/home/ali/.m2/repository/org/ow2/asm/asm-commons/9.7.1/asm-commons-9.7.1.jar:/home/ali/.m2/repository/org/ow2/asm/asm-tree/9.7.1/asm-tree-9.7.1.jar:/home/ali/.m2/repository/io/quarkus/quarkus-hibernate-validator-spi/3.17.5/quarkus-hibernate-validator-spi-3.17.5.jar:/home/ali/.m2/repository/io/quarkus/quarkus-class-change-agent/3.17.5/quarkus-class-change-agent-3.17.5.jar:/home/ali/.m2/repository/io/quarkus/quarkus-bootstrap-core/3.17.5/quarkus-bootstrap-core-3.17.5.jar:/home/ali/.m2/repository/org/eclipse/sisu/org.eclipse.sisu.inject/0.9.0.M3/org.eclipse.sisu.inject-0.9.0.M3.jar:/home/ali/.m2/repository/io/quarkus/quarkus-builder/3.17.5/quarkus-builder-3.17.5.jar:/home/ali/.m2/repository/org/graalvm/sdk/nativeimage/23.1.2/nativeimage-23.1.2.jar:/home/ali/.m2/repository/org/graalvm/sdk/word/23.1.2/word-23.1.2.jar:/home/ali/.m2/repository/org/junit/platform/junit-platform-launcher/1.10.5/junit-platform-launcher-1.10.5.jar:/home/ali/.m2/repository/org/junit/jupiter/junit-jupiter/5.10.5/junit-jupiter-5.10.5.jar:/home/ali/.m2/repository/io/quarkus/quarkus-arc-deployment/3.17.5/quarkus-arc-deployment-3.17.5.jar:/home/ali/.m2/repository/io/quarkus/quarkus-smallrye-context-propagation-spi/3.17.5/quarkus-smallrye-context-propagation-spi-3.17.5.jar:/home/ali/.m2/repository/io/quarkus/quarkus-vertx-http-dev-ui-spi/3.17.5/quarkus-vertx-http-dev-ui-spi-3.17.5.jar:/home/ali/.m2/repository/io/quarkus/arc/arc-processor/3.17.5/arc-processor-3.17.5.jar:/home/ali/.m2/repository/io/quarkus/quarkus-arc-test-supplement/3.17.5/quarkus-arc-test-supplement-3.17.5.jar:/home/ali/.m2/repository/io/quarkus/quarkus-undertow-spi/3.17.5/quarkus-undertow-spi-3.17.5.jar:/home/ali/.m2/repository/io/quarkus/quarkus-vertx-http-deployment/3.17.5/quarkus-vertx-http-deployment-3.17.5.jar:/home/ali/.m2/repository/io/quarkus/quarkus-vertx-deployment/3.17.5/quarkus-vertx-deployment-3.17.5.jar:/home/ali/.m2/repository/io/quarkus/quarkus-netty-deployment/3.17.5/quarkus-netty-deployment-3.17.5.jar:/home/ali/.m2/repository/io/quarkus/quarkus-virtual-threads-deployment/3.17.5/quarkus-virtual-threads-deployment-3.17.5.jar:/home/ali/.m2/repository/io/quarkus/quarkus-jackson-spi/3.17.5/quarkus-jackson-spi-3.17.5.jar:/home/ali/.m2/repository/io/quarkus/quarkus-vertx-deployment-spi/3.17.5/quarkus-vertx-deployment-spi-3.17.5.jar:/home/ali/.m2/repository/io/quarkus/quarkus-vertx-http-deployment-spi/3.17.5/quarkus-vertx-http-deployment-spi-3.17.5.jar:/home/ali/.m2/repository/io/quarkus/quarkus-mutiny-deployment/3.17.5/quarkus-mutiny-deployment-3.17.5.jar:/home/ali/.m2/repository/io/quarkus/quarkus-smallrye-context-propagation-deployment/3.17.5/quarkus-smallrye-context-propagation-deployment-3.17.5.jar:/home/ali/.m2/repository/io/quarkus/quarkus-tls-registry-deployment/3.17.5/quarkus-tls-registry-deployment-3.17.5.jar:/home/ali/.m2/repository/io/quarkus/quarkus-credentials-deployment/3.17.5/quarkus-credentials-deployment-3.17.5.jar:/home/ali/.m2/repository/io/quarkus/quarkus-security-spi/3.17.5/quarkus-security-spi-3.17.5.jar:/home/ali/.m2/repository/io/quarkus/quarkus-vertx-http-dev-ui-resources/3.17.5/quarkus-vertx-http-dev-ui-resources-3.17.5.jar:/home/ali/.m2/repository/org/mvnpm/at/vaadin/router/1.7.5/router-1.7.5.jar:/home/ali/.m2/repository/org/mvnpm/path-to-regexp/2.4.0/path-to-regexp-2.4.0.jar:/home/ali/.m2/repository/org/mvnpm/at/mvnpm/vaadin-webcomponents/24.4.10/vaadin-webcomponents-24.4.10.jar:/home/ali/.m2/repository/org/mvnpm/at/vaadin/vaadin-usage-statistics/2.1.2/vaadin-usage-statistics-2.1.2.jar:/home/ali/.m2/repository/org/mvnpm/at/vaadin/vaadin-development-mode-detector/2.0.7/vaadin-development-mode-detector-2.0.7.jar:/home/ali/.m2/repository/org/mvnpm/at/polymer/polymer/3.5.1/polymer-3.5.1.jar:/home/ali/.m2/repository/org/mvnpm/at/webcomponents/shadycss/1.11.2/shadycss-1.11.2.jar:/home/ali/.m2/repository/org/mvnpm/at/open-wc/dedupe-mixin/1.4.0/dedupe-mixin-1.4.0.jar:/home/ali/.m2/repository/org/mvnpm/lit/3.2.1/lit-3.2.1.jar:/home/ali/.m2/repository/org/mvnpm/at/lit/reactive-element/2.0.4/reactive-element-2.0.4.jar:/home/ali/.m2/repository/org/mvnpm/lit-element/4.1.1/lit-element-4.1.1.jar:/home/ali/.m2/repository/org/mvnpm/lit-html/3.2.1/lit-html-3.2.1.jar:/home/ali/.m2/repository/org/mvnpm/at/lit-labs/ssr-dom-shim/1.2.1/ssr-dom-shim-1.2.1.jar:/home/ali/.m2/repository/org/mvnpm/at/types/trusted-types/2.0.7/trusted-types-2.0.7.jar:/home/ali/.m2/repository/org/mvnpm/lit-element-state/1.7.0/lit-element-state-1.7.0.jar:/home/ali/.m2/repository/org/mvnpm/echarts/5.5.1/echarts-5.5.1.jar:/home/ali/.m2/repository/org/mvnpm/tslib/2.3.0/tslib-2.3.0.jar:/home/ali/.m2/repository/org/mvnpm/zrender/5.6.0/zrender-5.6.0.jar:/home/ali/.m2/repository/org/mvnpm/at/mvnpm/codeblock/1.0.17/codeblock-1.0.17.jar:/home/ali/.m2/repository/org/mvnpm/at/mvnpm/qomponent/1.0.1/qomponent-1.0.1.jar:/home/ali/.m2/repository/org/mvnpm/markdown-it/14.1.0/markdown-it-14.1.0.jar:/home/ali/.m2/repository/org/mvnpm/argparse/2.0.1/argparse-2.0.1.jar:/home/ali/.m2/repository/org/mvnpm/entities/4.5.0/entities-4.5.0.jar:/home/ali/.m2/repository/org/mvnpm/linkify-it/5.0.0/linkify-it-5.0.0.jar:/home/ali/.m2/repository/org/mvnpm/mdurl/2.0.0/mdurl-2.0.0.jar:/home/ali/.m2/repository/org/mvnpm/punycode.js/2.3.1/punycode.js-2.3.1.jar:/home/ali/.m2/repository/org/mvnpm/uc.micro/2.1.0/uc.micro-2.1.0.jar:/home/ali/.m2/repository/org/mvnpm/es-module-shims/1.10.0/es-module-shims-1.10.0.jar:/home/ali/.m2/repository/io/mvnpm/importmap/1.0.11/importmap-1.0.11.jar:/home/ali/.m2/repository/io/quarkus/qute/qute-core/3.17.5/qute-core-3.17.5.jar:/home/ali/.m2/repository/org/yaml/snakeyaml/2.3/snakeyaml-2.3.jar:/home/ali/.m2/repository/com/fasterxml/jackson/core/jackson-databind/2.18.2/jackson-databind-2.18.2.jar:/home/ali/.m2/repository/com/fasterxml/jackson/core/jackson-annotations/2.18.2/jackson-annotations-2.18.2.jar:/home/ali/.m2/repository/com/fasterxml/jackson/core/jackson-core/2.18.2/jackson-core-2.18.2.jar:/home/ali/.m2/repository/com/fasterxml/jackson/datatype/jackson-datatype-jdk8/2.18.2/jackson-datatype-jdk8-2.18.2.jar:/home/ali/.m2/repository/io/quarkus/quarkus-devtools-common/3.17.5/quarkus-devtools-common-3.17.5.jar:/home/ali/.m2/repository/io/quarkus/quarkus-devtools-registry-client/3.17.5/quarkus-devtools-registry-client-3.17.5.jar:/home/ali/.m2/repository/io/quarkus/quarkus-devtools-message-writer/3.17.5/quarkus-devtools-message-writer-3.17.5.jar:/home/ali/.m2/repository/io/quarkus/quarkus-devtools-base-codestarts/3.17.5/quarkus-devtools-base-codestarts-3.17.5.jar:/home/ali/.m2/repository/io/quarkus/quarkus-devtools-codestarts/3.17.5/quarkus-devtools-codestarts-3.17.5.jar:/home/ali/.m2/repository/org/apache/commons/commons-compress/1.27.1/commons-compress-1.27.1.jar:/home/ali/.m2/repository/io/smallrye/common/smallrye-common-version/2.9.0/smallrye-common-version-2.9.0.jar:/home/ali/.m2/repository/io/fabric8/maven-model-helper/37/maven-model-helper-37.jar:/home/ali/.m2/repository/org/jdom/jdom2/2.0.6.1/jdom2-2.0.6.1.jar:/home/ali/.m2/repository/com/fasterxml/jackson/dataformat/jackson-dataformat-yaml/2.18.2/jackson-dataformat-yaml-2.18.2.jar:/home/ali/.m2/repository/org/apache/maven/maven-plugin-api/3.9.9/maven-plugin-api-3.9.9.jar:/home/ali/.m2/repository/org/apache/maven/maven-core/3.9.9/maven-core-3.9.9.jar:/home/ali/.m2/repository/org/codehaus/plexus/plexus-component-annotations/2.1.0/plexus-component-annotations-2.1.0.jar:/home/ali/.m2/repository/org/codejive/java-properties/0.0.7/java-properties-0.0.7.jar:/home/ali/.m2/repository/io/quarkus/quarkus-kubernetes-spi/3.17.5/quarkus-kubernetes-spi-3.17.5.jar:/home/ali/.m2/repository/org/jboss/metadata/jboss-metadata-web/16.0.0.Final/jboss-metadata-web-16.0.0.Final.jar:/home/ali/.m2/repository/org/jboss/metadata/jboss-metadata-common/16.0.0.Final/jboss-metadata-common-16.0.0.Final.jar:/home/ali/.m2/repository/io/rest-assured/rest-assured/5.5.0/rest-assured-5.5.0.jar:/home/ali/.m2/repository/org/apache/groovy/groovy/4.0.22/groovy-4.0.22.jar:/home/ali/.m2/repository/org/apache/groovy/groovy-xml/4.0.22/groovy-xml-4.0.22.jar:/home/ali/.m2/repository/org/apache/httpcomponents/httpclient/4.5.14/httpclient-4.5.14.jar:/home/ali/.m2/repository/org/apache/httpcomponents/httpcore/4.4.16/httpcore-4.4.16.jar:/home/ali/.m2/repository/commons-codec/commons-codec/1.17.1/commons-codec-1.17.1.jar:/home/ali/.m2/repository/org/apache/httpcomponents/httpmime/4.5.14/httpmime-4.5.14.jar:/home/ali/.m2/repository/org/hamcrest/hamcrest/2.2/hamcrest-2.2.jar:/home/ali/.m2/repository/org/ccil/cowan/tagsoup/tagsoup/1.2.1/tagsoup-1.2.1.jar:/home/ali/.m2/repository/io/rest-assured/json-path/5.5.0/json-path-5.5.0.jar:/home/ali/.m2/repository/org/apache/groovy/groovy-json/4.0.22/groovy-json-4.0.22.jar:/home/ali/.m2/repository/io/rest-assured/rest-assured-common/5.5.0/rest-assured-common-5.5.0.jar:/home/ali/.m2/repository/io/rest-assured/xml-path/5.5.0/xml-path-5.5.0.jar:"/>
    <property name="sun.cpu.endian" value="little"/>
    <property name="vertx.disableWebsockets" value="true"/>
    <property name="user.home" value="/home/ali"/>
    <property name="user.language" value="en"/>
    <property name="jboss.log-version" value="false"/>
    <property name="java.specification.vendor" value="Oracle Corporation"/>
    <property name="io.netty.allocator.maxOrder" value="3"/>
    <property name="java.version.date" value="2024-10-15"/>
    <property name="java.home" value="/usr/lib/jvm/java-21-openjdk-amd64"/>
    <property name="file.separator" value="/"/>
    <property name="basedir" value="/home/ali/Ali/backend/Java/greeting-extension/deployment"/>
    <property name="maven.repo" value="/home/ali/.m2/repository"/>
    <property name="java.vm.compressedOopsMode" value="Zero based"/>
    <property name="line.separator" value="&#10;"/>
    <property name="java.vm.specification.vendor" value="Oracle Corporation"/>
    <property name="java.specification.name" value="Java Platform API Specification"/>
    <property name="surefire.real.class.path" value="/home/ali/Ali/backend/Java/greeting-extension/deployment/target/surefire/surefirebooter-20241224125052714_3.jar"/>
    <property name="sun.management.compiler" value="HotSpot 64-Bit Tiered Compilers"/>
    <property name="java.runtime.version" value="21.0.5+11-Ubuntu-1ubuntu124.04"/>
    <property name="user.name" value="ali"/>
    <property name="stdout.encoding" value="UTF-8"/>
    <property name="path.separator" value=":"/>
    <property name="os.version" value="6.8.0-51-generic"/>
    <property name="java.runtime.name" value="OpenJDK Runtime Environment"/>
    <property name="file.encoding" value="UTF-8"/>
    <property name="java.vm.name" value="OpenJDK 64-Bit Server VM"/>
    <property name="localRepository" value="/home/ali/.m2/repository"/>
    <property name="java.vendor.url.bug" value="https://bugs.launchpad.net/ubuntu/+source/openjdk-21"/>
    <property name="java.io.tmpdir" value="/tmp"/>
    <property name="quarkus.log.file.path" value="target/quarkus.log"/>
    <property name="java.version" value="21.0.5"/>
    <property name="java.util.concurrent.ForkJoinPool.common.threadFactory" value="io.quarkus.bootstrap.forkjoin.QuarkusForkJoinWorkerThreadFactory"/>
    <property name="user.dir" value="/home/ali/Ali/backend/Java/greeting-extension/deployment"/>
    <property name="os.arch" value="amd64"/>
    <property name="java.vm.specification.name" value="Java Virtual Machine Specification"/>
    <property name="vertx.disableDnsResolver" value="true"/>
    <property name="native.encoding" value="UTF-8"/>
    <property name="java.util.logging.manager" value="org.jboss.logmanager.LogManager"/>
    <property name="java.library.path" value="/usr/java/packages/lib:/usr/lib/x86_64-linux-gnu/jni:/lib/x86_64-linux-gnu:/usr/lib/x86_64-linux-gnu:/usr/lib/jni:/lib:/usr/lib"/>
    <property name="jdk.console" value="java.base"/>
    <property name="java.vm.info" value="mixed mode, sharing"/>
    <property name="stderr.encoding" value="UTF-8"/>
    <property name="java.vendor" value="Ubuntu"/>
    <property name="vertx.disableTCCL" value="true"/>
    <property name="java.vm.version" value="21.0.5+11-Ubuntu-1ubuntu124.04"/>
    <property name="sun.io.unicode.encoding" value="UnicodeLittle"/>
    <property name="io.netty.machineId" value="7c:fb:cd:8b:e3:5e:98:46"/>
    <property name="java.class.version" value="65.0"/>
  </properties>
  <testcase name="testGreeting" classname="org.acme.greeting.extension.deployment.GreetingExtensionTest" time="1.307">
    <system-out><![CDATA[2024-12-24 12:50:59,329 INFO  [io.quarkus] (main) greeting-extension-deployment 1.0.0-SNAPSHOT on JVM (powered by Quarkus 3.17.5) started in 0.718s. Listening on: http://localhost:8081
2024-12-24 12:50:59,333 INFO  [io.quarkus] (main) Profile test activated. 
2024-12-24 12:50:59,334 INFO  [io.quarkus] (main) Installed features: [cdi, greeting-extension, servlet, smallrye-context-propagation, vertx]
]]></system-out>
  </testcase>
</testsuite>